#
# There is insufficient memory for the Java Runtime Environment to continue.
# Native memory allocation (malloc) failed to allocate 1346496 bytes for Chunk::new
# Possible reasons:
#   The system is out of physical RAM or swap space
#   In 32 bit mode, the process size limit was hit
# Possible solutions:
#   Reduce memory load on the system
#   Increase physical memory or swap space
#   Check if swap backing store is full
#   Use 64 bit Java on a 64 bit OS
#   Decrease Java heap size (-Xmx/-Xms)
#   Decrease number of Java threads
#   Decrease Java thread stack sizes (-Xss)
#   Set larger code cache with -XX:ReservedCodeCacheSize=
# This output file may be truncated or incomplete.
#
#  Out of Memory Error (allocation.cpp:390), pid=11004, tid=0x00000000000015e4
#
# JRE version: OpenJDK Runtime Environment (8.0_152-b01) (build 1.8.0_152-release-915-b01)
# Java VM: OpenJDK 64-Bit Server VM (25.152-b01 mixed mode windows-amd64 compressed oops)
# Failed to write core dump. Minidumps are not enabled by default on client versions of Windows
#

---------------  T H R E A D  ---------------

Current thread (0x000000001aaa6000):  JavaThread "C2 CompilerThread0" daemon [_thread_in_native, id=5604, stack(0x000000001b260000,0x000000001b360000)]

Stack: [0x000000001b260000,0x000000001b360000]
[error occurred during error reporting (printing stack bounds), id 0xc0000005]

Native frames: (J=compiled Java code, j=interpreted, Vv=VM code, C=native code)


Current CompileTask:
C2: 901176 9857       4       java.io.ObjectOutputStream::writeClassDesc (60 bytes)


---------------  P R O C E S S  ---------------

Java Threads: ( => current thread )
  0x000000001bcb8000 JavaThread "build operations Thread 8" [_thread_blocked, id=10760, stack(0x000000002a230000,0x000000002a330000)]
  0x000000001bcb5000 JavaThread "build operations Thread 7" [_thread_blocked, id=7560, stack(0x000000002a130000,0x000000002a230000)]
  0x000000001bcb4800 JavaThread "build operations Thread 6" [_thread_blocked, id=12524, stack(0x000000002a030000,0x000000002a130000)]
  0x000000001bcb7800 JavaThread "build operations Thread 5" [_thread_blocked, id=12900, stack(0x0000000029f30000,0x000000002a030000)]
  0x000000001bcb3800 JavaThread "build operations Thread 4" [_thread_blocked, id=11584, stack(0x0000000029e30000,0x0000000029f30000)]
  0x000000001bcb0800 JavaThread "build operations Thread 3" [_thread_blocked, id=4396, stack(0x0000000029d30000,0x0000000029e30000)]
  0x000000001bcb6800 JavaThread "build operations Thread 2" [_thread_blocked, id=3792, stack(0x0000000029c30000,0x0000000029d30000)]
  0x000000001bcb3000 JavaThread "build operations" [_thread_blocked, id=1744, stack(0x0000000029b30000,0x0000000029c30000)]
  0x000000001bcb6000 JavaThread "Cache worker for Artifact transforms cache (D:\systems\.gradle\caches\transforms-1)" [_thread_blocked, id=9008, stack(0x0000000029a30000,0x0000000029b30000)]
  0x00000000204c8800 JavaThread "Cache worker for file hash cache (D:\RoseBenz\.gradle\4.1\fileHashes)" [_thread_blocked, id=12564, stack(0x0000000029930000,0x0000000029a30000)]
  0x00000000204c7000 JavaThread "Stdin handler" [_thread_blocked, id=12520, stack(0x0000000029830000,0x0000000029930000)]
  0x00000000204cb000 JavaThread "Asynchronous log dispatcher for DefaultDaemonConnection: socket connection from /127.0.0.1:10804 to /127.0.0.1:11272" [_thread_blocked, id=6696, stack(0x0000000029730000,0x0000000029830000)]
  0x00000000204c9800 JavaThread "Daemon worker Thread 3" [_thread_in_native, id=4916, stack(0x0000000029630000,0x0000000029730000)]
  0x00000000204ca000 JavaThread "Cancel handler" [_thread_blocked, id=9844, stack(0x0000000029530000,0x0000000029630000)]
  0x00000000204cc800 JavaThread "Handler for socket connection from /127.0.0.1:10804 to /127.0.0.1:11272" [_thread_in_native, id=8844, stack(0x0000000029430000,0x0000000029530000)]
  0x00000000204c5800 JavaThread "Daemon Thread 3" [_thread_blocked, id=3516, stack(0x0000000029330000,0x0000000029430000)]
  0x000000001bcb2000 JavaThread "Memory manager" [_thread_blocked, id=7996, stack(0x0000000024490000,0x0000000024590000)]
  0x000000001cbc9800 JavaThread "File lock request listener" [_thread_in_native, id=8088, stack(0x000000001f280000,0x000000001f380000)]
  0x000000001cbbf800 JavaThread "Cache worker for file hash cache (D:\systems\.gradle\caches\4.1\fileHashes)" [_thread_blocked, id=12664, stack(0x000000001f180000,0x000000001f280000)]
  0x000000001d09c800 JavaThread "Daemon periodic checks" [_thread_blocked, id=10940, stack(0x000000001e780000,0x000000001e880000)]
  0x000000001c986000 JavaThread "Incoming local TCP Connector on port 10804" [_thread_in_native, id=7436, stack(0x000000001e540000,0x000000001e640000)]
  0x000000001ab37800 JavaThread "Service Thread" daemon [_thread_blocked, id=3064, stack(0x000000001b660000,0x000000001b760000)]
  0x0000000018bba000 JavaThread "C1 CompilerThread3" daemon [_thread_blocked, id=9200, stack(0x000000001b560000,0x000000001b660000)]
  0x000000001aaab800 JavaThread "C2 CompilerThread2" daemon [_thread_blocked, id=6580, stack(0x000000001b460000,0x000000001b560000)]
  0x000000001aaa8000 JavaThread "C2 CompilerThread1" daemon [_thread_blocked, id=7000, stack(0x000000001b360000,0x000000001b460000)]
=>0x000000001aaa6000 JavaThread "C2 CompilerThread0" daemon [_thread_in_native, id=5604, stack(0x000000001b260000,0x000000001b360000)]
  0x000000001aa96800 JavaThread "Attach Listener" daemon [_thread_blocked, id=11176, stack(0x000000001b160000,0x000000001b260000)]
  0x000000001aaf1800 JavaThread "Signal Dispatcher" daemon [_thread_blocked, id=9388, stack(0x000000001b060000,0x000000001b160000)]
  0x000000001aa90800 JavaThread "Finalizer" daemon [_thread_blocked, id=11448, stack(0x000000001ae70000,0x000000001af70000)]
  0x0000000018bab000 JavaThread "Reference Handler" daemon [_thread_blocked, id=9932, stack(0x000000001a970000,0x000000001aa70000)]
  0x0000000004bee800 JavaThread "main" [_thread_blocked, id=1472, stack(0x0000000004bf0000,0x0000000004cf0000)]

Other Threads:
  0x0000000018ba5800 VMThread [stack: 0x000000001a870000,0x000000001a970000] [id=11988]
  0x000000001ab84800 WatcherThread [stack: 0x000000001b760000,0x000000001b860000] [id=2200]

VM state:not at safepoint (normal execution)

VM Mutex/Monitor currently owned by a thread: None

Heap:
 PSYoungGen      total 138240K, used 54562K [0x00000000e0000000, 0x00000000eab80000, 0x0000000100000000)
  eden space 111616K, 40% used [0x00000000e0000000,0x00000000e2bb3860,0x00000000e6d00000)
  from space 26624K, 36% used [0x00000000e6d00000,0x00000000e76950a0,0x00000000e8700000)
  to   space 25600K, 0% used [0x00000000e9280000,0x00000000e9280000,0x00000000eab80000)
 ParOldGen       total 181248K, used 46260K [0x00000000a0000000, 0x00000000ab100000, 0x00000000e0000000)
  object space 181248K, 25% used [0x00000000a0000000,0x00000000a2d2d3d0,0x00000000ab100000)
 Metaspace       used 62393K, capacity 65462K, committed 65664K, reserved 1105920K
  class space    used 8306K, capacity 9059K, committed 9088K, reserved 1048576K

Card table byte_map: [0x00000000141b0000,0x00000000144c0000] byte_map_base: 0x0000000013cb0000

Marking Bits: (ParMarkBitMap*) 0x0000000067ca3950
 Begin Bits: [0x0000000014ec0000, 0x00000000166c0000)
 End Bits:   [0x00000000166c0000, 0x0000000017ec0000)

Polling page: 0x0000000002ec0000

CodeCache: size=245760Kb used=28567Kb max_used=28747Kb free=217192Kb
 bounds [0x0000000004df0000, 0x0000000006a30000, 0x0000000013df0000]
 total_blobs=9171 nmethods=8384 adapters=699
 compilation: enabled

Compilation events (10 events):
Event: 900.937 Thread 0x000000001aaab800 9936       4       java.util.Formatter$FormatSpecifier::checkBadFlags (39 bytes)
Event: 900.937 Thread 0x0000000018bba000 nmethod 9935 0x00000000067d0110 code [0x00000000067d0340, 0x00000000067d1028]
Event: 900.937 Thread 0x000000001aaa8000 nmethod 9934 0x000000000541cb90 code [0x000000000541cd00, 0x000000000541cf58]
Event: 900.938 Thread 0x0000000018bba000 9937       1       org.gradle.api.internal.tasks.DefaultTaskOutputs::access$000 (5 bytes)
Event: 900.938 Thread 0x0000000018bba000 nmethod 9937 0x0000000006800650 code [0x00000000068007a0, 0x0000000006800890]
Event: 900.938 Thread 0x0000000018bba000 9938       1       com.google.common.collect.ImmutableSortedSet::comparator (5 bytes)
Event: 900.938 Thread 0x0000000018bba000 nmethod 9938 0x00000000051773d0 code [0x0000000005177520, 0x0000000005177630]
Event: 900.939 Thread 0x000000001aaab800 nmethod 9936 0x00000000068295d0 code [0x0000000006829720, 0x00000000068298f8]
Event: 900.939 Thread 0x0000000018bba000 9939       3       org.gradle.api.internal.project.taskfactory.DefaultTaskClassValidatorExtractor::parseProperties (131 bytes)
Event: 900.940 Thread 0x0000000018bba000 nmethod 9939 0x0000000005c84c50 code [0x0000000005c84ec0, 0x0000000005c85ec8]

GC Heap History (10 events):
Event: 10.851 GC heap before
{Heap before GC invocations=16 (full 2):
 PSYoungGen      total 93696K, used 93667K [0x00000000e0000000, 0x00000000e8100000, 0x0000000100000000)
  eden space 79360K, 100% used [0x00000000e0000000,0x00000000e4d80000,0x00000000e4d80000)
  from space 14336K, 99% used [0x00000000e4d80000,0x00000000e5b78e98,0x00000000e5b80000)
  to   space 17408K, 0% used [0x00000000e7000000,0x00000000e7000000,0x00000000e8100000)
 ParOldGen       total 115200K, used 19529K [0x00000000a0000000, 0x00000000a7080000, 0x00000000e0000000)
  object space 115200K, 16% used [0x00000000a0000000,0x00000000a1312690,0x00000000a7080000)
 Metaspace       used 54136K, capacity 56196K, committed 56448K, reserved 1097728K
  class space    used 7419K, capacity 7963K, committed 8064K, reserved 1048576K
Event: 10.867 GC heap after
Heap after GC invocations=16 (full 2):
 PSYoungGen      total 109568K, used 17390K [0x00000000e0000000, 0x00000000e9100000, 0x0000000100000000)
  eden space 92160K, 0% used [0x00000000e0000000,0x00000000e0000000,0x00000000e5a00000)
  from space 17408K, 99% used [0x00000000e7000000,0x00000000e80fbbc8,0x00000000e8100000)
  to   space 22528K, 0% used [0x00000000e5a00000,0x00000000e5a00000,0x00000000e7000000)
 ParOldGen       total 115200K, used 26470K [0x00000000a0000000, 0x00000000a7080000, 0x00000000e0000000)
  object space 115200K, 22% used [0x00000000a0000000,0x00000000a19d9a78,0x00000000a7080000)
 Metaspace       used 54136K, capacity 56196K, committed 56448K, reserved 1097728K
  class space    used 7419K, capacity 7963K, committed 8064K, reserved 1048576K
}
Event: 11.995 GC heap before
{Heap before GC invocations=17 (full 2):
 PSYoungGen      total 109568K, used 104847K [0x00000000e0000000, 0x00000000e9100000, 0x0000000100000000)
  eden space 92160K, 94% used [0x00000000e0000000,0x00000000e55682f0,0x00000000e5a00000)
  from space 17408K, 99% used [0x00000000e7000000,0x00000000e80fbbc8,0x00000000e8100000)
  to   space 22528K, 0% used [0x00000000e5a00000,0x00000000e5a00000,0x00000000e7000000)
 ParOldGen       total 115200K, used 26470K [0x00000000a0000000, 0x00000000a7080000, 0x00000000e0000000)
  object space 115200K, 22% used [0x00000000a0000000,0x00000000a19d9a78,0x00000000a7080000)
 Metaspace       used 56557K, capacity 58890K, committed 59008K, reserved 1099776K
  class space    used 7730K, capacity 8299K, committed 8320K, reserved 1048576K
Event: 12.031 GC heap after
Heap after GC invocations=17 (full 2):
 PSYoungGen      total 114688K, used 22504K [0x00000000e0000000, 0x00000000ead00000, 0x0000000100000000)
  eden space 92160K, 0% used [0x00000000e0000000,0x00000000e0000000,0x00000000e5a00000)
  from space 22528K, 99% used [0x00000000e5a00000,0x00000000e6ffa240,0x00000000e7000000)
  to   space 27136K, 0% used [0x00000000e9280000,0x00000000e9280000,0x00000000ead00000)
 ParOldGen       total 115200K, used 30797K [0x00000000a0000000, 0x00000000a7080000, 0x00000000e0000000)
  object space 115200K, 26% used [0x00000000a0000000,0x00000000a1e13460,0x00000000a7080000)
 Metaspace       used 56557K, capacity 58890K, committed 59008K, reserved 1099776K
  class space    used 7730K, capacity 8299K, committed 8320K, reserved 1048576K
}
Event: 12.031 GC heap before
{Heap before GC invocations=18 (full 3):
 PSYoungGen      total 114688K, used 22504K [0x00000000e0000000, 0x00000000ead00000, 0x0000000100000000)
  eden space 92160K, 0% used [0x00000000e0000000,0x00000000e0000000,0x00000000e5a00000)
  from space 22528K, 99% used [0x00000000e5a00000,0x00000000e6ffa240,0x00000000e7000000)
  to   space 27136K, 0% used [0x00000000e9280000,0x00000000e9280000,0x00000000ead00000)
 ParOldGen       total 115200K, used 30797K [0x00000000a0000000, 0x00000000a7080000, 0x00000000e0000000)
  object space 115200K, 26% used [0x00000000a0000000,0x00000000a1e13460,0x00000000a7080000)
 Metaspace       used 56557K, capacity 58890K, committed 59008K, reserved 1099776K
  class space    used 7730K, capacity 8299K, committed 8320K, reserved 1048576K
Event: 12.310 GC heap after
Heap after GC invocations=18 (full 3):
 PSYoungGen      total 114688K, used 0K [0x00000000e0000000, 0x00000000ead00000, 0x0000000100000000)
  eden space 92160K, 0% used [0x00000000e0000000,0x00000000e0000000,0x00000000e5a00000)
  from space 22528K, 0% used [0x00000000e5a00000,0x00000000e5a00000,0x00000000e7000000)
  to   space 27136K, 0% used [0x00000000e9280000,0x00000000e9280000,0x00000000ead00000)
 ParOldGen       total 181248K, used 46244K [0x00000000a0000000, 0x00000000ab100000, 0x00000000e0000000)
  object space 181248K, 25% used [0x00000000a0000000,0x00000000a2d293d0,0x00000000ab100000)
 Metaspace       used 56557K, capacity 58890K, committed 59008K, reserved 1099776K
  class space    used 7730K, capacity 8299K, committed 8320K, reserved 1048576K
}
Event: 130.619 GC heap before
{Heap before GC invocations=19 (full 3):
 PSYoungGen      total 114688K, used 92160K [0x00000000e0000000, 0x00000000ead00000, 0x0000000100000000)
  eden space 92160K, 100% used [0x00000000e0000000,0x00000000e5a00000,0x00000000e5a00000)
  from space 22528K, 0% used [0x00000000e5a00000,0x00000000e5a00000,0x00000000e7000000)
  to   space 27136K, 0% used [0x00000000e9280000,0x00000000e9280000,0x00000000ead00000)
 ParOldGen       total 181248K, used 46244K [0x00000000a0000000, 0x00000000ab100000, 0x00000000e0000000)
  object space 181248K, 25% used [0x00000000a0000000,0x00000000a2d293d0,0x00000000ab100000)
 Metaspace       used 59781K, capacity 62564K, committed 62720K, reserved 1103872K
  class space    used 7999K, capacity 8688K, committed 8704K, reserved 1048576K
Event: 130.623 GC heap after
Heap after GC invocations=19 (full 3):
 PSYoungGen      total 126464K, used 5886K [0x00000000e0000000, 0x00000000ea100000, 0x0000000100000000)
  eden space 111616K, 0% used [0x00000000e0000000,0x00000000e0000000,0x00000000e6d00000)
  from space 14848K, 39% used [0x00000000e9280000,0x00000000e983fb98,0x00000000ea100000)
  to   space 26624K, 0% used [0x00000000e6d00000,0x00000000e6d00000,0x00000000e8700000)
 ParOldGen       total 181248K, used 46252K [0x00000000a0000000, 0x00000000ab100000, 0x00000000e0000000)
  object space 181248K, 25% used [0x00000000a0000000,0x00000000a2d2b3d0,0x00000000ab100000)
 Metaspace       used 59781K, capacity 62564K, committed 62720K, reserved 1103872K
  class space    used 7999K, capacity 8688K, committed 8704K, reserved 1048576K
}
Event: 900.385 GC heap before
{Heap before GC invocations=20 (full 3):
 PSYoungGen      total 126464K, used 117502K [0x00000000e0000000, 0x00000000ea100000, 0x0000000100000000)
  eden space 111616K, 100% used [0x00000000e0000000,0x00000000e6d00000,0x00000000e6d00000)
  from space 14848K, 39% used [0x00000000e9280000,0x00000000e983fb98,0x00000000ea100000)
  to   space 26624K, 0% used [0x00000000e6d00000,0x00000000e6d00000,0x00000000e8700000)
 ParOldGen       total 181248K, used 46252K [0x00000000a0000000, 0x00000000ab100000, 0x00000000e0000000)
  object space 181248K, 25% used [0x00000000a0000000,0x00000000a2d2b3d0,0x00000000ab100000)
 Metaspace       used 62239K, capacity 65200K, committed 65408K, reserved 1105920K
  class space    used 8304K, capacity 9058K, committed 9088K, reserved 1048576K
Event: 900.394 GC heap after
Heap after GC invocations=20 (full 3):
 PSYoungGen      total 138240K, used 9812K [0x00000000e0000000, 0x00000000eab80000, 0x0000000100000000)
  eden space 111616K, 0% used [0x00000000e0000000,0x00000000e0000000,0x00000000e6d00000)
  from space 26624K, 36% used [0x00000000e6d00000,0x00000000e76950a0,0x00000000e8700000)
  to   space 25600K, 0% used [0x00000000e9280000,0x00000000e9280000,0x00000000eab80000)
 ParOldGen       total 181248K, used 46260K [0x00000000a0000000, 0x00000000ab100000, 0x00000000e0000000)
  object space 181248K, 25% used [0x00000000a0000000,0x00000000a2d2d3d0,0x00000000ab100000)
 Metaspace       used 62239K, capacity 65200K, committed 65408K, reserved 1105920K
  class space    used 8304K, capacity 9058K, committed 9088K, reserved 1048576K
}

Deoptimization events (10 events):
Event: 133.419 Thread 0x000000001bcbf000 Uncommon trap: reason=bimorphic action=maybe_recompile pc=0x00000000055e606c method=java.io.BufferedInputStream.read1([BII)I @ 39
Event: 133.420 Thread 0x000000001bcbf000 Uncommon trap: reason=bimorphic action=maybe_recompile pc=0x0000000005431088 method=java.io.BufferedInputStream.read1([BII)I @ 39
Event: 133.428 Thread 0x000000001bcb3000 Uncommon trap: reason=class_check action=maybe_recompile pc=0x0000000005207f6c method=org.gradle.internal.logging.text.AbstractLineChoppingStyledTextOutput$StateContext.flushLineText()V @ 110
Event: 133.428 Thread 0x000000001bcb3000 Uncommon trap: reason=class_check action=maybe_recompile pc=0x0000000005207f6c method=org.gradle.internal.logging.text.AbstractLineChoppingStyledTextOutput$StateContext.flushLineText()V @ 110
Event: 133.447 Thread 0x000000001bcbf000 Uncommon trap: reason=class_check action=maybe_recompile pc=0x00000000063ea858 method=java.util.concurrent.locks.ReentrantLock.lock()V @ 4
Event: 133.560 Thread 0x000000001bcb1800 Uncommon trap: reason=class_check action=maybe_recompile pc=0x00000000063ea858 method=java.util.concurrent.locks.ReentrantLock.lock()V @ 4
Event: 899.687 Thread 0x00000000204c9800 Uncommon trap: reason=unstable_if action=reinterpret pc=0x0000000005a46df8 method=com.google.common.cache.LocalCache$AccessQueue.contains(Ljava/lang/Object;)Z @ 14
Event: 900.394 Thread 0x0000000018bab000 Uncommon trap: reason=unstable_if action=reinterpret pc=0x0000000005cf7034 method=java.lang.ref.Reference.tryHandlePending(Z)Z @ 20
Event: 900.925 Thread 0x00000000204c9800 Uncommon trap: reason=unstable_if action=reinterpret pc=0x0000000006890944 method=com.google.common.collect.AbstractMapBasedMultimap.wrapCollection(Ljava/lang/Object;Ljava/util/Collection;)Ljava/util/Collection; @ 4
Event: 900.925 Thread 0x00000000204c9800 Uncommon trap: reason=class_check action=maybe_recompile pc=0x00000000068984f0 method=com.google.common.collect.AbstractMapBasedMultimap$WrappedCollection.refreshIfEmpty()V @ 40

Classes redefined (0 events):
No events

Internal exceptions (10 events):
Event: 133.614 Thread 0x000000001bcb0800 Exception <a 'java/lang/NoSuchMethodError': <clinit>> (0x00000000e52c69b8) thrown at [D:\src\AOSP-openjdk-cygwin\jdk8u\hotspot\src\share\vm\prims\jni.cpp, line 1613]
Event: 133.615 Thread 0x000000001bcb0800 Exception <a 'java/lang/NoSuchMethodError': <clinit>> (0x00000000e52d7fa8) thrown at [D:\src\AOSP-openjdk-cygwin\jdk8u\hotspot\src\share\vm\prims\jni.cpp, line 1613]
Event: 133.615 Thread 0x000000001bcb0800 Exception <a 'java/lang/NoSuchMethodError': <clinit>> (0x00000000e52df9f0) thrown at [D:\src\AOSP-openjdk-cygwin\jdk8u\hotspot\src\share\vm\prims\jni.cpp, line 1613]
Event: 899.693 Thread 0x00000000204c9800 Exception <a 'java/lang/NoSuchMethodError': <clinit>> (0x00000000e5e5daf0) thrown at [D:\src\AOSP-openjdk-cygwin\jdk8u\hotspot\src\share\vm\prims\jni.cpp, line 1613]
Event: 899.776 Thread 0x00000000204c9800 Exception <a 'java/lang/NoSuchMethodError': <clinit>> (0x00000000e5ea6a30) thrown at [D:\src\AOSP-openjdk-cygwin\jdk8u\hotspot\src\share\vm\prims\jni.cpp, line 1613]
Event: 899.782 Thread 0x00000000204c9800 Exception <a 'java/lang/NoSuchMethodError': <clinit>> (0x00000000e5f1d7a0) thrown at [D:\src\AOSP-openjdk-cygwin\jdk8u\hotspot\src\share\vm\prims\jni.cpp, line 1613]
Event: 899.782 Thread 0x00000000204c9800 Exception <a 'java/lang/NoSuchMethodError': <clinit>> (0x00000000e5f213f8) thrown at [D:\src\AOSP-openjdk-cygwin\jdk8u\hotspot\src\share\vm\prims\jni.cpp, line 1613]
Event: 899.782 Thread 0x00000000204c9800 Exception <a 'java/lang/NoSuchMethodError': <clinit>> (0x00000000e5f22f00) thrown at [D:\src\AOSP-openjdk-cygwin\jdk8u\hotspot\src\share\vm\prims\jni.cpp, line 1613]
Event: 900.008 Thread 0x00000000204c9800 Exception <a 'java/lang/ClassNotFoundException': sync_local_repo288_eiroa8v2llza96nizymvsc4ujBeanInfo> (0x00000000e60dd2e0) thrown at [D:\src\AOSP-openjdk-cygwin\jdk8u\hotspot\src\share\vm\classfile\systemDictionary.cpp, line 210]
Event: 900.008 Thread 0x00000000204c9800 Exception <a 'java/lang/ClassNotFoundException': sync_local_repo288_eiroa8v2llza96nizymvsc4ujCustomizer> (0x00000000e60e78b0) thrown at [D:\src\AOSP-openjdk-cygwin\jdk8u\hotspot\src\share\vm\classfile\systemDictionary.cpp, line 210]

Events (10 events):
Event: 900.934 Executing VM operation: RevokeBias done
Event: 900.934 Executing VM operation: RevokeBias
Event: 900.935 Executing VM operation: RevokeBias done
Event: 900.935 Executing VM operation: RevokeBias
Event: 900.935 Executing VM operation: RevokeBias done
Event: 900.935 Executing VM operation: RevokeBias
Event: 900.935 Executing VM operation: RevokeBias done
Event: 900.935 Executing VM operation: BulkRevokeBias
Event: 900.935 Executing VM operation: BulkRevokeBias done
Event: 900.936 Thread 0x0000000018bba000 flushing nmethod 0x0000000005177110


Dynamic libraries:
0x00007ff705500000 - 0x00007ff705531000 	C:\Program Files\Android\Android Studio\jre\bin\java.exe
0x00007ffdc5900000 - 0x00007ffdc5ae0000 	C:\WINDOWS\SYSTEM32\ntdll.dll
0x00007ffdc57c0000 - 0x00007ffdc586e000 	C:\WINDOWS\System32\KERNEL32.DLL
0x00007ffdc21f0000 - 0x00007ffdc2456000 	C:\WINDOWS\System32\KERNELBASE.dll
0x00007ffdc5700000 - 0x00007ffdc57a1000 	C:\WINDOWS\System32\ADVAPI32.dll
0x00007ffdc3390000 - 0x00007ffdc342d000 	C:\WINDOWS\System32\msvcrt.dll
0x00007ffdc3d40000 - 0x00007ffdc3d9b000 	C:\WINDOWS\System32\sechost.dll
0x00007ffdc3270000 - 0x00007ffdc338f000 	C:\WINDOWS\System32\RPCRT4.dll
0x00007ffdc30e0000 - 0x00007ffdc326f000 	C:\WINDOWS\System32\USER32.dll
0x00007ffdc1f00000 - 0x00007ffdc1f20000 	C:\WINDOWS\System32\win32u.dll
0x00007ffdc3050000 - 0x00007ffdc3078000 	C:\WINDOWS\System32\GDI32.dll
0x00007ffdc2c30000 - 0x00007ffdc2dc3000 	C:\WINDOWS\System32\gdi32full.dll
0x00007ffdc1e00000 - 0x00007ffdc1e9b000 	C:\WINDOWS\System32\msvcp_win.dll
0x00007ffdc1f20000 - 0x00007ffdc2016000 	C:\WINDOWS\System32\ucrtbase.dll
0x00007ffda3e50000 - 0x00007ffda40b9000 	C:\WINDOWS\WinSxS\amd64_microsoft.windows.common-controls_6595b64144ccf1df_6.0.16299.125_none_15cbcf8893620c09\COMCTL32.dll
0x00007ffdc3980000 - 0x00007ffdc3c88000 	C:\WINDOWS\System32\combase.dll
0x00007ffdc2bb0000 - 0x00007ffdc2c22000 	C:\WINDOWS\System32\bcryptPrimitives.dll
0x00007ffdc3da0000 - 0x00007ffdc3dcd000 	C:\WINDOWS\System32\IMM32.DLL
0x00000000681e0000 - 0x00000000682b2000 	C:\Program Files\Android\Android Studio\jre\jre\bin\msvcr100.dll
0x00000000674e0000 - 0x0000000067d1e000 	C:\Program Files\Android\Android Studio\jre\jre\bin\server\jvm.dll
0x00007ffdc3800000 - 0x00007ffdc3808000 	C:\WINDOWS\System32\PSAPI.DLL
0x00007ffdb7c10000 - 0x00007ffdb7c19000 	C:\WINDOWS\SYSTEM32\WSOCK32.dll
0x00007ffdba7b0000 - 0x00007ffdba7d3000 	C:\WINDOWS\SYSTEM32\WINMM.dll
0x00007ffdb8af0000 - 0x00007ffdb8afa000 	C:\WINDOWS\SYSTEM32\VERSION.dll
0x00007ffdc3630000 - 0x00007ffdc369c000 	C:\WINDOWS\System32\WS2_32.dll
0x00007ffdba780000 - 0x00007ffdba7aa000 	C:\WINDOWS\SYSTEM32\WINMMBASE.dll
0x00007ffdc1d00000 - 0x00007ffdc1d4a000 	C:\WINDOWS\System32\cfgmgr32.dll
0x00007ffdbf7d0000 - 0x00007ffdbf7df000 	C:\Program Files\Android\Android Studio\jre\jre\bin\verify.dll
0x00007ffdaba40000 - 0x00007ffdaba69000 	C:\Program Files\Android\Android Studio\jre\jre\bin\java.dll
0x00007ffdbafd0000 - 0x00007ffdbafe6000 	C:\Program Files\Android\Android Studio\jre\jre\bin\zip.dll
0x00007ffdc42c0000 - 0x00007ffdc56f6000 	C:\WINDOWS\System32\SHELL32.dll
0x00007ffdc3c90000 - 0x00007ffdc3d36000 	C:\WINDOWS\System32\shcore.dll
0x00007ffdc2460000 - 0x00007ffdc2ba7000 	C:\WINDOWS\System32\windows.storage.dll
0x00007ffdc35d0000 - 0x00007ffdc3621000 	C:\WINDOWS\System32\shlwapi.dll
0x00007ffdc1ce0000 - 0x00007ffdc1cf1000 	C:\WINDOWS\System32\kernel.appcore.dll
0x00007ffdc1c90000 - 0x00007ffdc1cdc000 	C:\WINDOWS\System32\powrprof.dll
0x00007ffdc1c70000 - 0x00007ffdc1c8b000 	C:\WINDOWS\System32\profapi.dll
0x00007ffdbaf10000 - 0x00007ffdbaf2a000 	C:\Program Files\Android\Android Studio\jre\jre\bin\net.dll
0x00007ffdc1480000 - 0x00007ffdc14e6000 	C:\WINDOWS\system32\mswsock.dll
0x00007ffdba830000 - 0x00007ffdba841000 	C:\Program Files\Android\Android Studio\jre\jre\bin\nio.dll
0x00007ffdaf0a0000 - 0x00007ffdaf0be000 	D:\systems\.gradle\native\25\windows-amd64\native-platform.dll
0x00007ffdbb070000 - 0x00007ffdbb07d000 	C:\Program Files\Android\Android Studio\jre\jre\bin\management.dll
0x00007ffdc1640000 - 0x00007ffdc1657000 	C:\WINDOWS\SYSTEM32\CRYPTSP.dll
0x00007ffdc1090000 - 0x00007ffdc10c3000 	C:\WINDOWS\system32\rsaenh.dll
0x00007ffdc1740000 - 0x00007ffdc1765000 	C:\WINDOWS\SYSTEM32\bcrypt.dll
0x00007ffdc1b80000 - 0x00007ffdc1ba9000 	C:\WINDOWS\SYSTEM32\USERENV.dll
0x00007ffdc1b40000 - 0x00007ffdc1b4b000 	C:\WINDOWS\SYSTEM32\CRYPTBASE.dll
0x00007ffdc1210000 - 0x00007ffdc1249000 	C:\WINDOWS\SYSTEM32\IPHLPAPI.DLL
0x00007ffdc37f0000 - 0x00007ffdc37f8000 	C:\WINDOWS\System32\NSI.dll
0x00007ffdbdf10000 - 0x00007ffdbdf26000 	C:\WINDOWS\SYSTEM32\dhcpcsvc6.DLL
0x00007ffdbdd20000 - 0x00007ffdbdd3a000 	C:\WINDOWS\SYSTEM32\dhcpcsvc.DLL

VM Arguments:
jvm_args: -Xmx1536m -Dfile.encoding=x-windows-874 -Duser.country=US -Duser.language=en -Duser.variant 
java_command: org.gradle.launcher.daemon.bootstrap.GradleDaemon 4.1
java_class_path (initial): D:\systems\.gradle\wrapper\dists\gradle-4.1-all\bzyivzo6n839fup2jbap0tjew\gradle-4.1\lib\gradle-launcher-4.1.jar
Launcher Type: SUN_STANDARD

Environment Variables:
JAVA_HOME=C:\Program Files\Java\jdk1.8.0_144
PATH=C:\Python3\;C:\Python3\Scripts;C:\WinAVR-20100110\bin;C:\WinAVR-20100110\utils\bin;C:\ProgramData\Oracle\Java\javapath;C:\WINDOWS\system32;C:\WINDOWS;C:\WINDOWS\System32\Wbem;C:\WINDOWS\System32\WindowsPowerShell\v1.0\;C:\Program Files\MATLAB\R2014a\runtime\win64;C:\Program Files\MATLAB\R2014a\bin;C:\Program Files\MATLAB\R2014a\polyspace\bin;C:\Program Files (x86)\Microsoft SQL Server\100\Tools\Binn\;C:\Program Files\Microsoft SQL Server\100\Tools\Binn\;C:\Program Files\Microsoft SQL Server\100\DTS\Binn\;C:\Program Files\Java\jdk1.8.0_144\bin;C:\Program Files (x86)\VideoLAN\VLC;C:\cygwin64\bin;C:\Program Files\node;C:\Program Files\node\node_modules\npm\bin;C:\Program Files\Git\cmd;C:\Program Files\Docker Toolbox;C:\Program Files\nodejs\;C:\Users\%USERSNAME%\AppData\Roaming\npm;C:\Users\5735512123\AppData\Local\Microsoft\WindowsApps;
USERNAME=5735512123
OS=Windows_NT
PROCESSOR_IDENTIFIER=Intel64 Family 6 Model 60 Stepping 3, GenuineIntel



---------------  S Y S T E M  ---------------

OS: Windows 10.0 , 64 bit Build 16299 (10.0.16299.15)

CPU:total 8 (initial active 8) (4 cores per cpu, 2 threads per core) family 6 model 60 stepping 3, cmov, cx8, fxsr, mmx, sse, sse2, sse3, ssse3, sse4.1, sse4.2, popcnt, avx, avx2, clmul, erms, lzcnt, ht, tsc, tscinvbit, bmi1, bmi2

Memory: 4k page, physical 8261292k(964760k free), swap 8261292k(4748k free)

vm_info: OpenJDK 64-Bit Server VM (25.152-b01) for windows-amd64 JRE (1.8.0_152-release-915-b01), built by "builder" with MS VC++ 10.0 (VS2010)

time: Wed Feb 21 20:28:28 2018
elapsed time: 901 seconds (0d 0h 15m 1s)

